Mon 20 Mar 2023 09:52:14 PM UTC: 
 tests:  0|6
total_score: 0/70
8bf0802
Tue 21 Mar 2023 07:19:48 PM UTC: 
 list.c | 6 +++++-
 1 file changed, 5 insertions(+), 1 deletion(-)
In file included from test.c:5:
list.c: In function ‘createList’:
list.c:34:7: error: ‘List’ {aka ‘struct List’} has no member named ‘size’
   34 |   list->size=0;
      |       ^~
Compilation failed
e451833
Tue 21 Mar 2023 07:20:42 PM UTC: 
 list.c | 2 +-
 1 file changed, 1 insertion(+), 1 deletion(-)
In file included from test.c:5:
list.c: In function ‘createList’:
list.c:33:7: error: array subscript ‘List {aka struct List}[0]’ is partly outside array bounds of ‘unsigned char[8]’ [-Werror=array-bounds]
   33 |   list->head=NULL;
      |       ^~
list.c:32:22: note: referencing an object of size 8 allocated by ‘malloc’
   32 |   List* list=(List*) malloc(sizeof(list));
      |                      ^~~~~~~~~~~~~~~~~~~~
list.c:34:7: error: array subscript ‘List {aka struct List}[0]’ is partly outside array bounds of ‘unsigned char[8]’ [-Werror=array-bounds]
   34 |   list->tail=NULL;
      |       ^~
list.c:32:22: note: referencing an object of size 8 allocated by ‘malloc’
   32 |   List* list=(List*) malloc(sizeof(list));
      |                      ^~~~~~~~~~~~~~~~~~~~
list.c:35:7: error: array subscript ‘List {aka struct List}[0]’ is partly outside array bounds of ‘unsigned char[8]’ [-Werror=array-bounds]
   35 |   list->current=NULL;
      |       ^~
list.c:32:22: note: referencing an object of size 8 allocated by ‘malloc’
   32 |   List* list=(List*) malloc(sizeof(list));
      |                      ^~~~~~~~~~~~~~~~~~~~
cc1: all warnings being treated as errors
Compilation failed
04a107b
Tue 21 Mar 2023 07:21:11 PM UTC: 
 list.c | 2 +-
 1 file changed, 1 insertion(+), 1 deletion(-)
 tests:  0|6
total_score: 0/70
f8be012
Tue 21 Mar 2023 07:21:21 PM UTC: 
 list.c | 2 +-
 1 file changed, 1 insertion(+), 1 deletion(-)
In file included from test.c:5:
list.c: In function ‘createList’:
list.c:33:9: error: array subscript ‘List {aka struct List}[0]’ is partly outside array bounds of ‘unsigned char[8]’ [-Werror=array-bounds]
   33 |     list->head=NULL;
      |         ^~
list.c:32:24: note: referencing an object of size 8 allocated by ‘malloc’
   32 |     List* list=(List*) malloc(sizeof(list));
      |                        ^~~~~~~~~~~~~~~~~~~~
list.c:34:9: error: array subscript ‘List {aka struct List}[0]’ is partly outside array bounds of ‘unsigned char[8]’ [-Werror=array-bounds]
   34 |     list->tail=NULL;
      |         ^~
list.c:32:24: note: referencing an object of size 8 allocated by ‘malloc’
   32 |     List* list=(List*) malloc(sizeof(list));
      |                        ^~~~~~~~~~~~~~~~~~~~
list.c:35:9: error: array subscript ‘List {aka struct List}[0]’ is partly outside array bounds of ‘unsigned char[8]’ [-Werror=array-bounds]
   35 |     list->current=NULL;
      |         ^~
list.c:32:24: note: referencing an object of size 8 allocated by ‘malloc’
   32 |     List* list=(List*) malloc(sizeof(list));
      |                        ^~~~~~~~~~~~~~~~~~~~
cc1: all warnings being treated as errors
Compilation failed
100c969
Tue 21 Mar 2023 07:23:06 PM UTC: 
 list.c | 2 +-
 1 file changed, 1 insertion(+), 1 deletion(-)
 tests:  1|5
total_score: 10/70
c9d8cb6
Tue 21 Mar 2023 07:30:50 PM UTC: 
 list.c | 5 +++++
 1 file changed, 5 insertions(+)
 tests:  1|5
total_score: 10/70
017788e
Tue 21 Mar 2023 07:34:31 PM UTC: 
 list.c | 6 +-----
 1 file changed, 1 insertion(+), 5 deletions(-)
 tests:  1|5
total_score: 10/70
0bb320f
Tue 21 Mar 2023 07:36:06 PM UTC: 
 list.c | 2 +-
 1 file changed, 1 insertion(+), 1 deletion(-)
 tests:  0|0
57ce9ff
Tue 21 Mar 2023 07:38:48 PM UTC: 
 list.c | 2 +-
 1 file changed, 1 insertion(+), 1 deletion(-)
 tests:  1|5
total_score: 10/70
dd06e02
Tue 21 Mar 2023 07:38:56 PM UTC: 
 list.c | 2 +-
 1 file changed, 1 insertion(+), 1 deletion(-)
In file included from test.c:5:
list.c: In function ‘firstList’:
list.c:41:20: error: ‘list->head’ is a pointer; did you mean to use ‘->’?
   41 |   return list->head.dato;
      |                    ^
      |                    ->
list.c:42:1: error: control reaches end of non-void function [-Werror=return-type]
   42 | }
      | ^
cc1: all warnings being treated as errors
Compilation failed
67c4a0c
Tue 21 Mar 2023 07:39:06 PM UTC: 
 list.c | 2 +-
 1 file changed, 1 insertion(+), 1 deletion(-)
In file included from test.c:5:
list.c: In function ‘firstList’:
list.c:41:20: error: ‘list->head’ is a pointer; did you mean to use ‘->’?
   41 |   return list->head.data;
      |                    ^
      |                    ->
list.c:42:1: error: control reaches end of non-void function [-Werror=return-type]
   42 | }
      | ^
cc1: all warnings being treated as errors
Compilation failed
2ebdb81
Tue 21 Mar 2023 07:39:28 PM UTC: 
 list.c | 2 +-
 1 file changed, 1 insertion(+), 1 deletion(-)
 tests:  0|0
1d5744d
Tue 21 Mar 2023 07:40:16 PM UTC: 
 list.c | 2 +-
 1 file changed, 1 insertion(+), 1 deletion(-)
 tests:  1|5
total_score: 10/70
1097a7f
Thu 23 Mar 2023 03:45:16 PM UTC: 
 list.c | 2 +-
 1 file changed, 1 insertion(+), 1 deletion(-)
 tests:  0|0
2984bf1
Thu 23 Mar 2023 03:47:16 PM UTC: 
 list.c | 7 +++++--
 1 file changed, 5 insertions(+), 2 deletions(-)
In file included from test.c:5:
list.c: In function ‘firstList’:
list.c:40:6: error: expected ‘(’ before ‘List’
   40 |   if List->head==NULL;
      |      ^~~~
      |      (
list.c:42:7: error: expected identifier or ‘(’ before ‘->’ token
   42 |   List->head
      |       ^~
list.c:44:10: error: expected expression before ‘List’
   44 |   return List->current->data;
      |          ^~~~
Compilation failed
2fcfb71
Thu 23 Mar 2023 03:48:40 PM UTC: 
 list.c | 8 ++++----
 1 file changed, 4 insertions(+), 4 deletions(-)
 tests:  2|5
total_score: 15/70
edd196f
Thu 23 Mar 2023 03:58:58 PM UTC: 
 list.c | 6 ++++++
 1 file changed, 6 insertions(+)
 tests:  2|5
total_score: 15/70
8cff501
Thu 23 Mar 2023 04:00:34 PM UTC: 
 list.c | 2 +-
 1 file changed, 1 insertion(+), 1 deletion(-)
 tests:  0|0
b045694
Thu 23 Mar 2023 04:01:47 PM UTC: 
 list.c | 2 +-
 1 file changed, 1 insertion(+), 1 deletion(-)
 tests:  2|5
total_score: 15/70
8f9aaab
Thu 23 Mar 2023 04:12:21 PM UTC: 
 list.c | 5 ++++-
 1 file changed, 4 insertions(+), 1 deletion(-)
 tests:  0|0
15b06a4
Thu 23 Mar 2023 04:17:47 PM UTC: 
 list.c | 2 +-
 1 file changed, 1 insertion(+), 1 deletion(-)
 tests:  5|4
total_score: 25/70
83c3c22
Thu 23 Mar 2023 07:32:59 PM UTC: 
 list.c | 6 +++++-
 1 file changed, 5 insertions(+), 1 deletion(-)
 tests:  6|4
total_score: 25/70
dd85d7e
Thu 23 Mar 2023 07:36:50 PM UTC: 
 list.c | 3 ++-
 1 file changed, 2 insertions(+), 1 deletion(-)
 tests:  0|0
8f170ba
Thu 23 Mar 2023 07:38:46 PM UTC: 
 list.c | 2 ++
 1 file changed, 2 insertions(+)
 tests:  0|0
fcdf41e
Thu 23 Mar 2023 07:40:33 PM UTC: 
 list.c | 4 +++-
 1 file changed, 3 insertions(+), 1 deletion(-)
In file included from test.c:5:
list.c: In function ‘prevList’:
list.c:69:3: error: this ‘if’ clause does not guard... [-Werror=misleading-indentation]
   69 |   if(list->current->prev)
      |   ^~
list.c:71:5: note: ...this statement, but the latter is misleadingly indented as if it were guarded by the ‘if’
   71 |     return list->current->data;
      |     ^~~~~~
list.c:72:3: error: ‘else’ without a previous ‘if’
   72 |   else{
      |   ^~~~
cc1: all warnings being treated as errors
Compilation failed
6b6382e
Thu 23 Mar 2023 07:40:49 PM UTC: 
 list.c | 1 +
 1 file changed, 1 insertion(+)
In file included from test.c:5:
list.c: In function ‘prevList’:
list.c:69:3: error: this ‘if’ clause does not guard... [-Werror=misleading-indentation]
   69 |   if(list->current->prev)
      |   ^~
list.c:71:5: note: ...this statement, but the latter is misleadingly indented as if it were guarded by the ‘if’
   71 |     return list->current->data;
      |     ^~~~~~
list.c: At top level:
list.c:73:3: error: expected identifier or ‘(’ before ‘else’
   73 |   else{
      |   ^~~~
list.c:76:1: error: expected identifier or ‘(’ before ‘}’ token
   76 | }
      | ^
cc1: all warnings being treated as errors
Compilation failed
9328756
Thu 23 Mar 2023 07:41:03 PM UTC: 
 list.c | 2 +-
 1 file changed, 1 insertion(+), 1 deletion(-)
 tests:  0|0
af3f62b
Thu 23 Mar 2023 07:42:35 PM UTC: 
 list.c | 2 +-
 1 file changed, 1 insertion(+), 1 deletion(-)
 tests:  0|0
411d036
Thu 23 Mar 2023 09:31:03 PM UTC: 
 list.c | 7 +++++++
 1 file changed, 7 insertions(+)
 tests:  0|0
e31f408
Thu 23 Mar 2023 09:31:41 PM UTC: 
 list.c | 2 --
 1 file changed, 2 deletions(-)
 tests:  0|0
4c26ccc
Thu 23 Mar 2023 09:32:10 PM UTC: 
 list.c | 4 ----
 1 file changed, 4 deletions(-)
 tests:  0|0
cc2a23f
Thu 23 Mar 2023 09:34:33 PM UTC: 
 list.c | 4 ++--
 1 file changed, 2 insertions(+), 2 deletions(-)
 tests:  6|4
total_score: 25/70
3b14a5f
Thu 23 Mar 2023 09:38:17 PM UTC: 
 list.c | 6 ++++++
 1 file changed, 6 insertions(+)
 tests:  6|4
total_score: 25/70
7413cef
Thu 23 Mar 2023 09:46:32 PM UTC: 
 list.c | 5 +++++
 1 file changed, 5 insertions(+)
 tests:  6|4
total_score: 25/70
9f80960
Thu 23 Mar 2023 09:47:42 PM UTC: 
 list.c | 2 +-
 1 file changed, 1 insertion(+), 1 deletion(-)
 tests:  7|3
total_score: 35/70
8f8a117
Thu 23 Mar 2023 09:52:28 PM UTC: 
 list.c | 4 ++--
 1 file changed, 2 insertions(+), 2 deletions(-)
 tests:  0|0
95a9cf3
Thu 23 Mar 2023 09:53:34 PM UTC: 
 list.c | 1 +
 1 file changed, 1 insertion(+)
 tests:  7|3
total_score: 35/70
7db71f0
Thu 23 Mar 2023 09:57:00 PM UTC: 
 list.c | 4 +++-
 1 file changed, 3 insertions(+), 1 deletion(-)
 tests:  7|3
total_score: 35/70
302ffaa
Thu 23 Mar 2023 09:57:33 PM UTC: 
 list.c | 2 +-
 1 file changed, 1 insertion(+), 1 deletion(-)
 tests:  7|3
total_score: 35/70
5f90cd0
Thu 23 Mar 2023 09:58:35 PM UTC: 
 list.c | 2 +-
 1 file changed, 1 insertion(+), 1 deletion(-)
 tests:  7|3
total_score: 35/70
85a84ab
Thu 23 Mar 2023 09:59:44 PM UTC: 
 list.c | 2 +-
 1 file changed, 1 insertion(+), 1 deletion(-)
 tests:  7|3
total_score: 35/70
76815ce
Thu 23 Mar 2023 10:03:52 PM UTC: 
 list.c | 6 ++++--
 1 file changed, 4 insertions(+), 2 deletions(-)
 tests:  7|3
total_score: 35/70
803084d
Thu 23 Mar 2023 10:04:25 PM UTC: 
 list.c | 1 +
 1 file changed, 1 insertion(+)
In file included from test.c:5:
list.c: In function ‘popCurrent’:
list.c:116:21: error: statement with no effect [-Werror=unused-value]
  116 |     list->head->prev==NULL;
      |                     ^
cc1: all warnings being treated as errors
Compilation failed
84a1392
Thu 23 Mar 2023 10:04:37 PM UTC: 
 list.c | 2 +-
 1 file changed, 1 insertion(+), 1 deletion(-)
 tests:  7|3
total_score: 35/70
94b911e
Thu 23 Mar 2023 10:06:12 PM UTC: 
 list.c | 8 ++++----
 1 file changed, 4 insertions(+), 4 deletions(-)
 tests:  7|3
total_score: 35/70
f7d0e84
Thu 23 Mar 2023 10:07:35 PM UTC: 
 list.c | 8 ++++----
 1 file changed, 4 insertions(+), 4 deletions(-)
 tests:  7|3
total_score: 35/70
137608f
Thu 23 Mar 2023 10:08:04 PM UTC: 
 list.c | 2 +-
 1 file changed, 1 insertion(+), 1 deletion(-)
 tests:  7|3
total_score: 35/70
b58f45f
Thu 23 Mar 2023 10:08:55 PM UTC: 
 list.c | 5 +++--
 1 file changed, 3 insertions(+), 2 deletions(-)
In file included from test.c:5:
list.c: In function ‘popCurrent’:
list.c:121:1: error: control reaches end of non-void function [-Werror=return-type]
  121 | }
      | ^
cc1: all warnings being treated as errors
Compilation failed
6cfe3be
Thu 23 Mar 2023 10:13:16 PM UTC: 
 list.c | 3 +--
 1 file changed, 1 insertion(+), 2 deletions(-)
In file included from test.c:5:
list.c: In function ‘popCurrent’:
list.c:120:1: error: control reaches end of non-void function [-Werror=return-type]
  120 | }
      | ^
cc1: all warnings being treated as errors
Compilation failed
97f519d
Thu 23 Mar 2023 10:14:15 PM UTC: 
 list.c | 3 ++-
 1 file changed, 2 insertions(+), 1 deletion(-)
In file included from test.c:5:
list.c: In function ‘popCurrent’:
list.c:121:1: error: control reaches end of non-void function [-Werror=return-type]
  121 | }
      | ^
cc1: all warnings being treated as errors
Compilation failed
b40901e
Thu 23 Mar 2023 10:14:47 PM UTC: 
 list.c | 1 +
 1 file changed, 1 insertion(+)
In file included from test.c:5:
list.c: In function ‘popCurrent’:
list.c:121:3: error: ‘return’ with no value, in function returning non-void [-Werror=return-type]
  121 |   return;
      |   ^~~~~~
list.c:111:8: note: declared here
  111 | void * popCurrent(List * list) {
      |        ^~~~~~~~~~
cc1: all warnings being treated as errors
Compilation failed
59ccfd2
Thu 23 Mar 2023 10:15:23 PM UTC: 
 list.c | 4 +---
 1 file changed, 1 insertion(+), 3 deletions(-)
test.c: In function ‘popCurrent’:
test.c:448:5: error: ‘main’ is normally a non-static function [-Werror=main]
  448 | int main( int argc, char *argv[] ) {
      |     ^~~~
test.c:468:1: error: expected declaration or statement at end of input
  468 | }
      | ^
test.c:468:1: error: expected declaration or statement at end of input
test.c:469: error: control reaches end of non-void function [-Werror=return-type]
At top level:
test.c:448:5: error: ‘main’ defined but not used [-Werror=unused-function]
  448 | int main( int argc, char *argv[] ) {
      |     ^~~~
In file included from test.c:5:
list.c:122:6: error: ‘cleanList’ defined but not used [-Werror=unused-function]
  122 | void cleanList(List * list) {
      |      ^~~~~~~~~
cc1: all warnings being treated as errors
Compilation failed
71ba894
Thu 23 Mar 2023 10:15:42 PM UTC: 
 list.c | 3 ++-
 1 file changed, 2 insertions(+), 1 deletion(-)
In file included from test.c:5:
list.c: In function ‘popCurrent’:
list.c:121:1: error: control reaches end of non-void function [-Werror=return-type]
  121 | }
      | ^
cc1: all warnings being treated as errors
Compilation failed
012f995
Thu 23 Mar 2023 10:16:35 PM UTC: 
 list.c | 2 +-
 1 file changed, 1 insertion(+), 1 deletion(-)
 tests:  7|3
total_score: 35/70
884700e
Thu 23 Mar 2023 10:16:49 PM UTC: 
 list.c | 4 ++--
 1 file changed, 2 insertions(+), 2 deletions(-)
 tests:  0|0
4d79ef7
Thu 23 Mar 2023 10:18:11 PM UTC: 
 list.c | 2 +-
 1 file changed, 1 insertion(+), 1 deletion(-)
 tests:  0|0
f6ff578
Thu 23 Mar 2023 10:19:39 PM UTC: 
 list.c | 4 ++--
 1 file changed, 2 insertions(+), 2 deletions(-)
 tests:  7|3
total_score: 35/70
6270e60
Fri 24 Mar 2023 05:46:56 PM UTC: 
 list.c | 6 ++++--
 1 file changed, 4 insertions(+), 2 deletions(-)
In file included from test.c:5:
list.c: In function ‘prevList’:
list.c:69:25: error: expected ‘)’ before ‘;’ token
   69 |   if(list->current==NULL;){
      |     ~                   ^
Compilation failed
831fc8d
Fri 24 Mar 2023 05:47:05 PM UTC: 
 list.c | 2 +-
 1 file changed, 1 insertion(+), 1 deletion(-)
 tests:  10|2
total_score: 45/70
a102fab
Fri 24 Mar 2023 05:52:45 PM UTC: 
 list.c | 1 +
 1 file changed, 1 insertion(+)
 tests:  10|2
total_score: 45/70
b79e85b
Fri 24 Mar 2023 06:01:31 PM UTC: 
 list.c | 5 ++++-
 1 file changed, 4 insertions(+), 1 deletion(-)
In file included from test.c:5:
list.c: In function ‘pushFront’:
list.c:87:3: error: ‘else’ without a previous ‘if’
   87 |   else{
      |   ^~~~
Compilation failed
08fe95e
Fri 24 Mar 2023 06:02:09 PM UTC: 
 list.c | 2 +-
 1 file changed, 1 insertion(+), 1 deletion(-)
 tests:  11|1
total_score: 55/70
bfd53d3
Fri 24 Mar 2023 06:06:21 PM UTC: 
 list.c | 1 +
 1 file changed, 1 insertion(+)
 tests:  11|1
total_score: 55/70
54036e4
Fri 24 Mar 2023 06:07:07 PM UTC: 
 list.c | 2 +-
 1 file changed, 1 insertion(+), 1 deletion(-)
 tests:  11|1
total_score: 55/70
b580afe
Fri 24 Mar 2023 06:12:46 PM UTC: 
 list.c | 6 +++++-
 1 file changed, 5 insertions(+), 1 deletion(-)
 tests:  11|1
total_score: 55/70
040c803
Fri 24 Mar 2023 06:13:37 PM UTC: 
 list.c | 4 ++--
 1 file changed, 2 insertions(+), 2 deletions(-)
 tests:  11|1
total_score: 55/70
2df775f
Fri 24 Mar 2023 06:15:43 PM UTC: 
 list.c | 2 ++
 1 file changed, 2 insertions(+)
 tests:  11|1
total_score: 55/70
74407be
Fri 24 Mar 2023 06:19:42 PM UTC: 
 list.c | 2 +-
 1 file changed, 1 insertion(+), 1 deletion(-)
 tests:  11|1
total_score: 55/70
11efc23
Fri 24 Mar 2023 06:20:21 PM UTC: 
 list.c | 2 +-
 1 file changed, 1 insertion(+), 1 deletion(-)
 tests:  11|1
total_score: 55/70
21078e4
Fri 24 Mar 2023 06:28:37 PM UTC: 
 list.c | 1 +
 1 file changed, 1 insertion(+)
 tests:  11|1
total_score: 55/70
2e770d9
Fri 24 Mar 2023 06:33:00 PM UTC: 
 list.c | 5 ++---
 1 file changed, 2 insertions(+), 3 deletions(-)
In file included from test.c:5:
list.c: In function ‘popCurrent’:
list.c:118:10: error: unused variable ‘aux’ [-Werror=unused-variable]
  118 |   void * aux=list->current->data;
      |          ^~~
cc1: all warnings being treated as errors
Compilation failed
d14dd9f
Fri 24 Mar 2023 06:34:05 PM UTC: 
 list.c | 2 +-
 1 file changed, 1 insertion(+), 1 deletion(-)
 tests:  11|1
total_score: 55/70
352b62f
Fri 24 Mar 2023 07:47:14 PM UTC: 
 list.c | 6 ++----
 1 file changed, 2 insertions(+), 4 deletions(-)
 tests:  11|1
total_score: 55/70
1d00925
Fri 24 Mar 2023 07:50:11 PM UTC: 
 list.c | 1 -
 1 file changed, 1 deletion(-)
 tests:  0|0
f2a65bc
Fri 24 Mar 2023 07:55:51 PM UTC: 
 list.c | 4 ++++
 1 file changed, 4 insertions(+)
 tests:  0|0
c041af4
Fri 24 Mar 2023 07:56:53 PM UTC: 
 list.c | 2 +-
 1 file changed, 1 insertion(+), 1 deletion(-)
 tests:  0|0
5eb70b9
Fri 24 Mar 2023 07:58:43 PM UTC: 
 list.c | 4 ++--
 1 file changed, 2 insertions(+), 2 deletions(-)
 tests:  11|1
total_score: 55/70
6256af3
Fri 24 Mar 2023 08:01:27 PM UTC: 
 list.c | 4 ++--
 1 file changed, 2 insertions(+), 2 deletions(-)
 tests:  0|0
e521eb3
Fri 24 Mar 2023 08:03:19 PM UTC: 
 list.c | 4 ++--
 1 file changed, 2 insertions(+), 2 deletions(-)
 tests:  11|1
total_score: 55/70
0b7580a
Fri 24 Mar 2023 11:15:06 PM UTC: 
 list.c | 4 ++--
 1 file changed, 2 insertions(+), 2 deletions(-)
 tests:  0|0
0cbc821
Fri 24 Mar 2023 11:15:40 PM UTC: 
 list.c | 4 ++--
 1 file changed, 2 insertions(+), 2 deletions(-)
 tests:  11|1
total_score: 55/70
09ae253
Fri 24 Mar 2023 11:18:16 PM UTC: 
 list.c | 4 ++--
 1 file changed, 2 insertions(+), 2 deletions(-)
 tests:  0|0
dab54a8
Fri 24 Mar 2023 11:24:46 PM UTC: 
 list.c | 6 +++++-
 1 file changed, 5 insertions(+), 1 deletion(-)
In file included from test.c:5:
list.c: In function ‘popCurrent’:
list.c:124:33: error: statement with no effect [-Werror=unused-value]
  124 |   else(list->current->prev!=NULL&&list->current->next!=NULL){
      |       ~~~~~~~~~~~~~~~~~~~~~~~~~~^~~~~~~~~~~~~~~~~~~~~~~~~~~~
list.c:124:61: error: expected ‘;’ before ‘{’ token
  124 |   else(list->current->prev!=NULL&&list->current->next!=NULL){
      |                                                             ^
      |                                                             ;
list.c:118:10: error: unused variable ‘aux’ [-Werror=unused-variable]
  118 |   void * aux=list->current->data;
      |          ^~~
list.c: At top level:
list.c:145:3: error: expected identifier or ‘(’ before ‘|’ token
  145 |   | | |
      |   ^
test.c: In function ‘test_first_next’:
test.c:107:17: error: ‘msg’ undeclared (first use in this function)
  107 |         sprintf(msg,"firstList retorna %d",*j);
      |                 ^~~
test.c:107:17: note: each undeclared identifier is reported only once for each function it appears in
test.c: In function ‘test_last_prev’:
test.c:180:17: error: ‘msg’ undeclared (first use in this function)
  180 |         sprintf(msg,"lastList retorna %d",*j);
      |                 ^~~
test.c: In function ‘test_pushfront’:
test.c:240:13: error: ‘msg’ undeclared (first use in this function)
  240 |     sprintf(msg, "Insertando %d a la lista (pushfront)",*j);
      |             ^~~
test.c: In function ‘test_pushcurrent’:
test.c:307:13: error: ‘msg’ undeclared (first use in this function)
  307 |     sprintf(msg, "pushFront(%d)",*j);
      |             ^~~
test.c: In function ‘test_popcurrent’:
test.c:381:17: error: ‘msg’ undeclared (first use in this function)
  381 |         sprintf(msg,"PopCurrent retorna %d",*k);
      |                 ^~~
In file included from test.c:5:
list.c: In function ‘popCurrent’:
list.c:135:1: error: control reaches end of non-void function [-Werror=return-type]
  135 | }
      | ^
cc1: all warnings being treated as errors
Compilation failed
2e7a16f
Fri 24 Mar 2023 11:25:04 PM UTC: 
 list.c | 2 +-
 1 file changed, 1 insertion(+), 1 deletion(-)
In file included from test.c:5:
list.c:145:3: error: expected identifier or ‘(’ before ‘|’ token
  145 |   | | |
      |   ^
test.c: In function ‘test_first_next’:
test.c:107:17: error: ‘msg’ undeclared (first use in this function)
  107 |         sprintf(msg,"firstList retorna %d",*j);
      |                 ^~~
test.c:107:17: note: each undeclared identifier is reported only once for each function it appears in
test.c: In function ‘test_last_prev’:
test.c:180:17: error: ‘msg’ undeclared (first use in this function)
  180 |         sprintf(msg,"lastList retorna %d",*j);
      |                 ^~~
test.c: In function ‘test_pushfront’:
test.c:240:13: error: ‘msg’ undeclared (first use in this function)
  240 |     sprintf(msg, "Insertando %d a la lista (pushfront)",*j);
      |             ^~~
test.c: In function ‘test_pushcurrent’:
test.c:307:13: error: ‘msg’ undeclared (first use in this function)
  307 |     sprintf(msg, "pushFront(%d)",*j);
      |             ^~~
test.c: In function ‘test_popcurrent’:
test.c:381:17: error: ‘msg’ undeclared (first use in this function)
  381 |         sprintf(msg,"PopCurrent retorna %d",*k);
      |                 ^~~
Compilation failed
5e3eb9c
Fri 24 Mar 2023 11:25:15 PM UTC: 
 list.c | 2 --
 1 file changed, 2 deletions(-)
 tests:  11|1
total_score: 55/70
af152bb
Fri 24 Mar 2023 11:33:21 PM UTC: 
 list.c | 2 +-
 1 file changed, 1 insertion(+), 1 deletion(-)
 tests:  10|2
total_score: 45/70
361f1ea
Fri 24 Mar 2023 11:33:34 PM UTC: 
 list.c | 2 +-
 1 file changed, 1 insertion(+), 1 deletion(-)
 tests:  11|1
total_score: 55/70
d15d970
Fri 24 Mar 2023 11:36:42 PM UTC: 
 list.c | 2 +-
 1 file changed, 1 insertion(+), 1 deletion(-)
In file included from test.c:5:
list.c:20:13: error: expected ‘;’ before ‘List’
   20 | typedef List List;
      |             ^~~~~
      |             ;
list.c:20:1: error: useless type name in empty declaration [-Werror]
   20 | typedef List List;
      | ^~~~~~~
cc1: all warnings being treated as errors
Compilation failed
682c615
Fri 24 Mar 2023 11:36:49 PM UTC: 
 list.c | 2 +-
 1 file changed, 1 insertion(+), 1 deletion(-)
 tests:  11|1
total_score: 55/70
2e2c4db
Sat 25 Mar 2023 10:19:57 AM UTC: 
 list.c | 2 +-
 1 file changed, 1 insertion(+), 1 deletion(-)
In file included from test.c:5:
list.c: In function ‘pushCurrent’:
list.c:99:44: error: expected declaration specifiers before ‘s’
   99 | void pushCurrent(List * list, void * data) s{
      |                                            ^
list.c:106:30: error: expected ‘=’, ‘,’, ‘;’, ‘asm’ or ‘__attribute__’ before ‘{’ token
  106 | void * popFront(List * list) {
      |                              ^
list.c:111:29: error: expected ‘=’, ‘,’, ‘;’, ‘asm’ or ‘__attribute__’ before ‘{’ token
  111 | void * popBack(List * list) {
      |                             ^
list.c:116:32: error: expected ‘=’, ‘,’, ‘;’, ‘asm’ or ‘__attribute__’ before ‘{’ token
  116 | void * popCurrent(List * list) {
      |                                ^
list.c:136:29: error: expected ‘=’, ‘,’, ‘;’, ‘asm’ or ‘__attribute__’ before ‘{’ token
  136 | void cleanList(List * list) {
      |                             ^
test.c:9:1: error: parameter ‘test_id’ is initialized
    9 | int test_id = -1;
      | ^~~
test.c:12:14: error: expected ‘=’, ‘,’, ‘;’, ‘asm’ or ‘__attribute__’ before ‘{’ token
   12 | int success(){
      |              ^
test.c:17:24: error: expected ‘=’, ‘,’, ‘;’, ‘asm’ or ‘__attribute__’ before ‘{’ token
   17 | void err_msg(char* msg){
      |                        ^
test.c:24:23: error: expected ‘=’, ‘,’, ‘;’, ‘asm’ or ‘__attribute__’ before ‘{’ token
   24 | void ok_msg(char* msg){
      |                       ^
test.c:30:25: error: expected ‘=’, ‘,’, ‘;’, ‘asm’ or ‘__attribute__’ before ‘{’ token
   30 | void info_msg(char* msg){
      |                         ^
test.c:35:75: error: expected ‘=’, ‘,’, ‘;’, ‘asm’ or ‘__attribute__’ before ‘{’ token
   35 | int test_suite(int(*test)(), char* msg, int max_score, int id, int req_id){
      |                                                                           ^
test.c:51:26: error: expected ‘=’, ‘,’, ‘;’, ‘asm’ or ‘__attribute__’ before ‘{’ token
   51 | List* initialize_exList(){
      |                          ^
test.c:73:29: error: expected ‘=’, ‘,’, ‘;’, ‘asm’ or ‘__attribute__’ before ‘{’ token
   73 | List* initialize_emptyList(){
      |                             ^
test.c:83:18: error: expected ‘=’, ‘,’, ‘;’, ‘asm’ or ‘__attribute__’ before ‘{’ token
   83 | int test_create(){
      |                  ^
test.c:98:22: error: expected ‘=’, ‘,’, ‘;’, ‘asm’ or ‘__attribute__’ before ‘{’ token
   98 | int test_first_next(){
      |                      ^
test.c:171:21: error: expected ‘=’, ‘,’, ‘;’, ‘asm’ or ‘__attribute__’ before ‘{’ token
  171 | int test_last_prev(){
      |                     ^
test.c:233:21: error: expected ‘=’, ‘,’, ‘;’, ‘asm’ or ‘__attribute__’ before ‘{’ token
  233 | int test_pushfront(){
      |                     ^
test.c:298:23: error: expected ‘=’, ‘,’, ‘;’, ‘asm’ or ‘__attribute__’ before ‘{’ token
  298 | int test_pushcurrent(){
      |                       ^
test.c:357:22: error: expected ‘=’, ‘,’, ‘;’, ‘asm’ or ‘__attribute__’ before ‘{’ token
  357 | int test_popcurrent(){
      |                      ^
test.c:448:36: error: expected ‘=’, ‘,’, ‘;’, ‘asm’ or ‘__attribute__’ before ‘{’ token
  448 | int main( int argc, char *argv[] ) {
      |                                    ^
In file included from test.c:5:
list.c:99:6: error: old-style parameter declarations in prototyped function definition
   99 | void pushCurrent(List * list, void * data) s{
      |      ^~~~~~~~~~~
test.c:469: error: expected ‘{’ at end of input
Compilation failed
3e7a025
Sat 25 Mar 2023 10:20:53 AM UTC: 
 list.c | 2 +-
 1 file changed, 1 insertion(+), 1 deletion(-)
 tests:  11|1
total_score: 55/70
834d87a
Sat 25 Mar 2023 10:22:15 AM UTC: 
 list.c | 2 +-
 1 file changed, 1 insertion(+), 1 deletion(-)
 tests:  11|1
total_score: 55/70
f8a03b3
Sat 25 Mar 2023 10:23:01 AM UTC: 
 list.c | 2 +-
 1 file changed, 1 insertion(+), 1 deletion(-)
 tests:  11|1
total_score: 55/70
d6b8207
Sat 25 Mar 2023 10:23:22 AM UTC: 
 list.c | 1 +
 1 file changed, 1 insertion(+)
In file included from test.c:5:
list.c: In function ‘popCurrent’:
list.c:130:21: error: statement with no effect [-Werror=unused-value]
  130 |     list->head->prev==NULL;
      |                     ^
cc1: all warnings being treated as errors
Compilation failed
967eadb
Sat 25 Mar 2023 10:23:29 AM UTC: 
 list.c | 2 +-
 1 file changed, 1 insertion(+), 1 deletion(-)
 tests:  11|1
total_score: 55/70
6069b83
Sat 25 Mar 2023 10:24:04 AM UTC: 
 list.c | 4 ++--
 1 file changed, 2 insertions(+), 2 deletions(-)
 tests:  11|1
total_score: 55/70
327a239
Sat 25 Mar 2023 10:24:35 AM UTC: 
 list.c | 2 +-
 1 file changed, 1 insertion(+), 1 deletion(-)
 tests:  11|1
total_score: 55/70
62f2509
Sat 25 Mar 2023 10:25:00 AM UTC: 
 list.c | 4 ++--
 1 file changed, 2 insertions(+), 2 deletions(-)
In file included from test.c:5:
list.c: In function ‘popCurrent’:
list.c:128:3: error: ‘else’ without a previous ‘if’
  128 |   else if(list->current==list->head){
      |   ^~~~
Compilation failed
a1579e5
Sat 25 Mar 2023 10:25:09 AM UTC: 
 list.c | 2 +-
 1 file changed, 1 insertion(+), 1 deletion(-)
 tests:  11|1
total_score: 55/70
9dcadac
Sat 25 Mar 2023 10:26:15 AM UTC: 
 list.c | 2 +-
 1 file changed, 1 insertion(+), 1 deletion(-)
 tests:  11|1
total_score: 55/70
a5ef403
